<?xml version="1.0" encoding="UTF-8"?><testsuites time="0.088"><testsuite name="Untitled suite in /Users/ivan/dev/oaa/app.js" tests="1" failures="1" errors="0" time="0.024" timestamp="2014-03-10T19:50:49.080Z" package="app"><testcase name="ReferenceError: Can't find variable: process" classname="app" time="0.024"><failure type="error">ReferenceError: Can't find variable: process</failure></testcase><system-out></system-out></testsuite><testsuite name="Untitled suite in /Users/ivan/dev/oaa/app.js" tests="1" failures="1" errors="0" time="0.003" timestamp="2014-03-10T19:50:49.080Z" package="app"><testcase name="CasperError: Can't find module path" classname="app" time="0.003"><failure type="error">CasperError: Can't find module path</failure></testcase><system-out></system-out></testsuite><testsuite name="testing our REST API" tests="1" failures="1" errors="0" time="0.061" timestamp="2014-03-10T19:50:49.080Z" package="test/acceptance/home_page_test"><testcase name="HTTP status code is: 200" classname="test/acceptance/home_page_test" time="0.061"><failure type="assertHttpStatus">no message left</failure></testcase><system-out></system-out></testsuite></testsuites>